app/build/intermediates/manifest_merge_blame_file/debug/manifest-merger-blame-debug-report.txt
1<?xml version="1.0" encoding="utf-8"?>
2<manifest xmlns:android="http://schemas.android.com/apk/res/android"
3    package="com.web3auth.app"
4    android:versionCode="1"
5    android:versionName="1.0" >
6
7    <uses-sdk
8        android:minSdkVersion="24"
8-->src/main/AndroidManifest.xml
9        android:targetSdkVersion="33" />
9-->src/main/AndroidManifest.xml
10
11    <uses-permission android:name="android.permission.INTERNET" />
11-->src/main/AndroidManifest.xml:5:5-67
11-->src/main/AndroidManifest.xml:5:22-64
12    <uses-permission android:name="android.permission.ACCESS_NETWORK_STATE" />
12-->[:session-manager-android] AndroidManifest.xml:9:5-79
12-->[:session-manager-android] AndroidManifest.xml:9:22-76
13
14    <queries>
14-->[com.github.Web3Auth:web3auth-android-sdk:4.0.0] AndroidManifest.xml:12:5-16:15
15        <intent>
15-->[com.github.Web3Auth:web3auth-android-sdk:4.0.0] AndroidManifest.xml:13:9-15:18
16            <action android:name="android.support.customtabs.action.CustomTabsService" />
16-->[com.github.Web3Auth:web3auth-android-sdk:4.0.0] AndroidManifest.xml:14:13-90
16-->[com.github.Web3Auth:web3auth-android-sdk:4.0.0] AndroidManifest.xml:14:21-87
17        </intent>
18    </queries>
19
20    <permission
20-->[androidx.core:core:1.9.0] AndroidManifest.xml:22:5-24:47
21        android:name="com.web3auth.app.DYNAMIC_RECEIVER_NOT_EXPORTED_PERMISSION"
21-->[androidx.core:core:1.9.0] AndroidManifest.xml:23:9-81
22        android:protectionLevel="signature" />
22-->[androidx.core:core:1.9.0] AndroidManifest.xml:24:9-44
23
24    <uses-permission android:name="com.web3auth.app.DYNAMIC_RECEIVER_NOT_EXPORTED_PERMISSION" />
24-->[androidx.core:core:1.9.0] AndroidManifest.xml:26:5-97
24-->[androidx.core:core:1.9.0] AndroidManifest.xml:26:22-94
25
26    <application
26-->src/main/AndroidManifest.xml:7:5-51:19
27        android:allowBackup="true"
27-->src/main/AndroidManifest.xml:8:9-35
28        android:appComponentFactory="androidx.core.app.CoreComponentFactory"
28-->[androidx.core:core:1.9.0] AndroidManifest.xml:28:18-86
29        android:dataExtractionRules="@xml/data_extraction_rules"
29-->src/main/AndroidManifest.xml:9:9-65
30        android:debuggable="true"
31        android:extractNativeLibs="false"
32        android:fullBackupContent="@xml/backup_rules"
32-->src/main/AndroidManifest.xml:10:9-54
33        android:icon="@mipmap/ic_launcher"
33-->src/main/AndroidManifest.xml:11:9-43
34        android:label="@string/app_name"
34-->src/main/AndroidManifest.xml:12:9-41
35        android:roundIcon="@mipmap/ic_launcher_round"
35-->src/main/AndroidManifest.xml:13:9-54
36        android:supportsRtl="true"
36-->src/main/AndroidManifest.xml:14:9-35
37        android:testOnly="true"
38        android:theme="@style/Theme.App" >
38-->src/main/AndroidManifest.xml:15:9-41
39        <activity
39-->src/main/AndroidManifest.xml:17:9-50:20
40            android:name="com.web3auth.app.MainActivity"
40-->src/main/AndroidManifest.xml:19:13-41
41            android:exported="true"
41-->src/main/AndroidManifest.xml:20:13-36
42            android:launchMode="singleTop" >
42-->src/main/AndroidManifest.xml:18:13-43
43            <intent-filter>
43-->src/main/AndroidManifest.xml:21:13-25:29
44                <action android:name="android.intent.action.MAIN" />
44-->src/main/AndroidManifest.xml:22:17-69
44-->src/main/AndroidManifest.xml:22:25-66
45
46                <category android:name="android.intent.category.LAUNCHER" />
46-->src/main/AndroidManifest.xml:24:17-77
46-->src/main/AndroidManifest.xml:24:27-74
47            </intent-filter>
48            <intent-filter>
48-->src/main/AndroidManifest.xml:26:13-37:29
49                <action android:name="android.intent.action.VIEW" />
49-->src/main/AndroidManifest.xml:27:17-69
49-->src/main/AndroidManifest.xml:27:25-66
50
51                <category android:name="android.intent.category.DEFAULT" />
51-->src/main/AndroidManifest.xml:29:17-76
51-->src/main/AndroidManifest.xml:29:27-73
52                <category android:name="android.intent.category.BROWSABLE" />
52-->src/main/AndroidManifest.xml:30:17-78
52-->src/main/AndroidManifest.xml:30:27-75
53
54                <data
55                    android:host="org.torusresearch.web3authexample"
55-->src/main/AndroidManifest.xml:33:21-56
56                    android:pathPattern="/*"
56-->src/main/AndroidManifest.xml:34:21-45
57                    android:pathPrefix="/redirect"
57-->src/main/AndroidManifest.xml:35:21-68
58                    android:scheme="torusapp" />
58-->src/main/AndroidManifest.xml:36:21-60
59            </intent-filter>
60            <intent-filter>
60-->src/main/AndroidManifest.xml:38:13-45:29
61                <action android:name="android.intent.action.VIEW" />
61-->src/main/AndroidManifest.xml:27:17-69
61-->src/main/AndroidManifest.xml:27:25-66
62
63                <category android:name="android.intent.category.DEFAULT" />
63-->src/main/AndroidManifest.xml:29:17-76
63-->src/main/AndroidManifest.xml:29:27-73
64                <category android:name="android.intent.category.BROWSABLE" />
64-->src/main/AndroidManifest.xml:30:17-78
64-->src/main/AndroidManifest.xml:30:27-75
65
66                <data android:scheme="web3auth" />
66-->src/main/AndroidManifest.xml:36:21-60
67            </intent-filter>
68
69            <meta-data
69-->src/main/AndroidManifest.xml:47:13-49:36
70                android:name="android.app.lib_name"
70-->src/main/AndroidManifest.xml:48:17-52
71                android:value="" />
71-->src/main/AndroidManifest.xml:49:17-33
72        </activity>
73
74        <provider
74-->[androidx.emoji2:emoji2:1.2.0] AndroidManifest.xml:24:9-32:20
75            android:name="androidx.startup.InitializationProvider"
75-->[androidx.emoji2:emoji2:1.2.0] AndroidManifest.xml:25:13-67
76            android:authorities="com.web3auth.app.androidx-startup"
76-->[androidx.emoji2:emoji2:1.2.0] AndroidManifest.xml:26:13-68
77            android:exported="false" >
77-->[androidx.emoji2:emoji2:1.2.0] AndroidManifest.xml:27:13-37
78            <meta-data
78-->[androidx.emoji2:emoji2:1.2.0] AndroidManifest.xml:29:13-31:52
79                android:name="androidx.emoji2.text.EmojiCompatInitializer"
79-->[androidx.emoji2:emoji2:1.2.0] AndroidManifest.xml:30:17-75
80                android:value="androidx.startup" />
80-->[androidx.emoji2:emoji2:1.2.0] AndroidManifest.xml:31:17-49
81            <meta-data
81-->[androidx.lifecycle:lifecycle-process:2.4.1] AndroidManifest.xml:31:13-33:52
82                android:name="androidx.lifecycle.ProcessLifecycleInitializer"
82-->[androidx.lifecycle:lifecycle-process:2.4.1] AndroidManifest.xml:32:17-78
83                android:value="androidx.startup" />
83-->[androidx.lifecycle:lifecycle-process:2.4.1] AndroidManifest.xml:33:17-49
84        </provider>
85    </application>
86
87</manifest>